<?xml version="1.0" encoding="UTF-8"?>
<!-- Generated by org.testng.reporters.JUnitReportReporter -->
<testsuite hostname="DESKTOP-MILGGOO" failures="0" tests="1" name="org.testing.TestScripts.TC1" time="6.784" errors="0" timestamp="2021-12-29T13:05:47 IST" skipped="0">
  <testcase classname="org.testing.TestScripts.TC1" name="testCase1" time="6.784"/>
  <system-out/>
</testsuite> <!-- org.testing.TestScripts.TC1 -->
